<?xml version="1.0" encoding="UTF-8" ?>
<testsuite tests="10" failures="1" name="TestSuite" time="24.702" errors="0" skipped="0">
  <properties>
    <property name="java.vendor" value="Oracle Corporation"/>
    <property name="JOB_NAME" value="BillingSales"/>
    <property name="sun.java.launcher" value="SUN_STANDARD"/>
    <property name="NUMBER_OF_PROCESSORS" value="4"/>
    <property name="sun.management.compiler" value="HotSpot 64-Bit Tiered Compilers"/>
    <property name="JENKINS_HOME" value="C:\Users\Tejaswini\.jenkins"/>
    <property name="FPS_BROWSER_USER_PROFILE_STRING" value="Default"/>
    <property name="HUDSON_SERVER_COOKIE" value="4dd7128d5ca4ccca"/>
    <property name="POM_ARTIFACTID" value="Billing"/>
    <property name="os.name" value="Windows 10"/>
    <property name="sun.boot.class.path" value="C:\Program Files\Java\jdk1.8.0_161\jre\lib\resources.jar;C:\Program Files\Java\jdk1.8.0_161\jre\lib\rt.jar;C:\Program Files\Java\jdk1.8.0_161\jre\lib\sunrsasign.jar;C:\Program Files\Java\jdk1.8.0_161\jre\lib\jsse.jar;C:\Program Files\Java\jdk1.8.0_161\jre\lib\jce.jar;C:\Program Files\Java\jdk1.8.0_161\jre\lib\charsets.jar;C:\Program Files\Java\jdk1.8.0_161\jre\lib\jfr.jar;C:\Program Files\Java\jdk1.8.0_161\jre\classes"/>
    <property name="EXECUTOR_NUMBER" value="1"/>
    <property name="sun.desktop" value="windows"/>
    <property name="PATHEXT" value=".COM;.EXE;.BAT;.CMD;.VBS;.VBE;.JS;.JSE;.WSF;.WSH;.MSC"/>
    <property name="java.vm.specification.vendor" value="Oracle Corporation"/>
    <property name="POM_DISPLAYNAME" value="Billing"/>
    <property name="NODE_LABELS" value="master"/>
    <property name="TEMP" value="C:\Users\TEJASW~1\AppData\Local\Temp"/>
    <property name="java.runtime.version" value="1.8.0_161-b12"/>
    <property name="FPS_BROWSER_APP_PROFILE_STRING" value="Internet Explorer"/>
    <property name="ANT_HOME" value="D:\Selenium software\apache-ant-1.10.5"/>
    <property name="user.name" value="Tejaswini"/>
    <property name="guice.disable.misplaced.annotation.check" value="true"/>
    <property name="CommonProgramW6432" value="C:\Program Files\Common Files"/>
    <property name="ProgramFiles" value="C:\Program Files"/>
    <property name="PROMPT" value="$P$G"/>
    <property name="user.language" value="en"/>
    <property name="JOB_BASE_NAME" value="BillingSales"/>
    <property name="RUN_CHANGES_DISPLAY_URL" value="http://localhost:9090/job/BillingSales/4/display/redirect?page=changes"/>
    <property name="BUILD_DISPLAY_NAME" value="#4"/>
    <property name="OneDrive" value="C:\Users\Tejaswini\OneDrive"/>
    <property name="sun.boot.library.path" value="C:\Program Files\Java\jdk1.8.0_161\jre\bin"/>
    <property name="LOCALAPPDATA" value="C:\Users\Tejaswini\AppData\Local"/>
    <property name="java.version" value="1.8.0_161"/>
    <property name="PROCESSOR_LEVEL" value="6"/>
    <property name="user.timezone" value="Asia/Calcutta"/>
    <property name="USERNAME" value="Tejaswini"/>
    <property name="sun.arch.data.model" value="64"/>
    <property name="NODE_NAME" value="master"/>
    <property name="java.endorsed.dirs" value="C:\Program Files\Java\jdk1.8.0_161\jre\lib\endorsed"/>
    <property name="BUILD_ID" value="4"/>
    <property name="sun.cpu.isalist" value="amd64"/>
    <property name="sun.jnu.encoding" value="Cp1252"/>
    <property name="file.encoding.pkg" value="sun.io"/>
    <property name="file.separator" value="\"/>
    <property name="java.specification.name" value="Java Platform API Specification"/>
    <property name="HOMEDRIVE" value="C:"/>
    <property name="maven.conf" value="C:\Users\Tejaswini\.jenkins\tools\hudson.tasks.Maven_MavenInstallation\TestMaven\conf"/>
    <property name="java.class.version" value="52.0"/>
    <property name="=::" value="::\"/>
    <property name="SCITE_USERHOME" value="C:\Users\Tejaswini\AppData\Local\AutoIt v3\SciTE"/>
    <property name="org.slf4j.simpleLogger.defaultLogLevel" value="info"/>
    <property name="user.country" value="US"/>
    <property name="ALLUSERSPROFILE" value="C:\ProgramData"/>
    <property name="java.home" value="C:\Program Files\Java\jdk1.8.0_161\jre"/>
    <property name="java.vm.info" value="mixed mode"/>
    <property name="os.version" value="10.0"/>
    <property name="RUN_DISPLAY_URL" value="http://localhost:9090/job/BillingSales/4/display/redirect"/>
    <property name="POM_VERSION" value="0.0.1-SNAPSHOT"/>
    <property name="TMP" value="C:\Users\TEJASW~1\AppData\Local\Temp"/>
    <property name="path.separator" value=";"/>
    <property name="java.vm.version" value="25.161-b12"/>
    <property name="user.variant" value=""/>
    <property name="JOB_DISPLAY_URL" value="http://localhost:9090/job/BillingSales/display/redirect"/>
    <property name="CommonProgramFiles(x86)" value="C:\Program Files (x86)\Common Files"/>
    <property name="USERDOMAIN_ROAMINGPROFILE" value="TEJASWINI"/>
    <property name="java.awt.printerjob" value="sun.awt.windows.WPrinterJob"/>
    <property name="JAVA_HOME" value="C:\Program Files\Java\jdk1.8.0_161"/>
    <property name="sun.io.unicode.encoding" value="UnicodeLittle"/>
    <property name="CommonProgramFiles" value="C:\Program Files\Common Files"/>
    <property name="ComSpec" value="C:\Windows\system32\cmd.exe"/>
    <property name="awt.toolkit" value="sun.awt.windows.WToolkit"/>
    <property name="HOMEPATH" value="\Users\Tejaswini"/>
    <property name="POM_PACKAGING" value="jar"/>
    <property name="user.script" value=""/>
    <property name="COMPUTERNAME" value="TEJASWINI"/>
    <property name="POM_GROUPID" value="Billing"/>
    <property name="user.home" value="C:\Users\Tejaswini"/>
    <property name="PUBLIC" value="C:\Users\Public"/>
    <property name="BUILD_TAG" value="jenkins-BillingSales-4"/>
    <property name="JENKINS_SERVER_COOKIE" value="4dd7128d5ca4ccca"/>
    <property name="HUDSON_URL" value="http://localhost:9090/"/>
    <property name="ProgramData" value="C:\ProgramData"/>
    <property name="java.specification.vendor" value="Oracle Corporation"/>
    <property name="USERPROFILE" value="C:\Users\Tejaswini"/>
    <property name="CLASSPATH" value=""/>
    <property name="java.vendor.url" value="http://java.oracle.com/"/>
    <property name="java.library.path" value="C:\Program Files\Java\jdk1.8.0_161\bin;C:\Windows\Sun\Java\bin;C:\Windows\system32;C:\Windows;C:\Users\Tejaswini\.jenkins\tools\hudson.tasks.Maven_MavenInstallation\TestMaven/bin;C:\Program Files\Java\jdk1.8.0_161/bin;C:\Program Files\Java\jdk1.8.0_161/bin;C:\Program Files (x86)\PC Connectivity Solution\;C:\ProgramData\Oracle\Java\javapath;C:\Windows\system32;C:\Windows;C:\Windows\System32\Wbem;C:\Windows\System32\WindowsPowerShell\v1.0\;C:\Program Files\Git\cmd;C:\Program Files\nodejs\;C:\Program Files (x86)\Mozilla Firefox;D:\Selenium software\apache-maven-3.5.4\bin;D:\Selenium software\apache-ant-1.10.5\bin;C:\Users\Tejaswini\AppData\Roaming\npm;C:\Users\Tejaswini\AppData\Local\atom\bin;C:\Program Files\Java\jdk1.8.0_161\bin;."/>
    <property name="java.vm.vendor" value="Oracle Corporation"/>
    <property name="APPDATA" value="C:\Users\Tejaswini\AppData\Roaming"/>
    <property name="java.runtime.name" value="Java(TM) SE Runtime Environment"/>
    <property name="maven.home" value="C:\Users\Tejaswini\.jenkins\tools\hudson.tasks.Maven_MavenInstallation\TestMaven"/>
    <property name="java.class.path" value="C:\Users\Tejaswini\.jenkins\plugins\maven-plugin\WEB-INF\lib\maven35-agent-1.12-alpha-1.jar;C:\Users\Tejaswini\.jenkins\tools\hudson.tasks.Maven_MavenInstallation\TestMaven\boot\plexus-classworlds-2.5.2.jar;C:\Users\Tejaswini\.jenkins\tools\hudson.tasks.Maven_MavenInstallation\TestMaven/conf/logging"/>
    <property name="sun.java.command" value="jenkins.maven3.agent.Maven35Main C:\Users\Tejaswini\.jenkins\tools\hudson.tasks.Maven_MavenInstallation\TestMaven C:\Users\Tejaswini\.jenkins\war\WEB-INF\lib\remoting-3.26.jar C:\Users\Tejaswini\.jenkins\plugins\maven-plugin\WEB-INF\lib\maven35-interceptor-1.12-alpha-1.jar C:\Users\Tejaswini\.jenkins\plugins\maven-plugin\WEB-INF\lib\maven3-interceptor-commons-1.12-alpha-1.jar 53865"/>
    <property name="Path" value="C:\Program Files\Java\jdk1.8.0_161/bin;C:\Program Files (x86)\PC Connectivity Solution\;C:\ProgramData\Oracle\Java\javapath;C:\Windows\system32;C:\Windows;C:\Windows\System32\Wbem;C:\Windows\System32\WindowsPowerShell\v1.0\;C:\Program Files\Git\cmd;C:\Program Files\nodejs\;C:\Program Files (x86)\Mozilla Firefox;D:\Selenium software\apache-maven-3.5.4\bin;D:\Selenium software\apache-ant-1.10.5\bin;C:\Users\Tejaswini\AppData\Roaming\npm;C:\Users\Tejaswini\AppData\Local\atom\bin;C:\Program Files\Java\jdk1.8.0_161\bin"/>
    <property name="java.vm.specification.name" value="Java Virtual Machine Specification"/>
    <property name="PROCESSOR_ARCHITECTURE" value="AMD64"/>
    <property name="PATH+JDK" value="C:\Program Files\Java\jdk1.8.0_161/bin"/>
    <property name="PROCESSOR_IDENTIFIER" value="Intel64 Family 6 Model 78 Stepping 3, GenuineIntel"/>
    <property name="SESSIONNAME" value="Console"/>
    <property name="java.vm.specification.version" value="1.8"/>
    <property name="sun.os.patch.level" value=""/>
    <property name="sun.cpu.endian" value="little"/>
    <property name="M2_HOME" value="C:\Users\Tejaswini\.jenkins\tools\hudson.tasks.Maven_MavenInstallation\TestMaven"/>
    <property name="java.io.tmpdir" value="C:\Users\TEJASW~1\AppData\Local\Temp\"/>
    <property name="OS" value="Windows_NT"/>
    <property name="HUDSON_HOME" value="C:\Users\Tejaswini\.jenkins"/>
    <property name="PATH+MAVEN" value="C:\Users\Tejaswini\.jenkins\tools\hudson.tasks.Maven_MavenInstallation\TestMaven/bin"/>
    <property name="ProgramFiles(x86)" value="C:\Program Files (x86)"/>
    <property name="BUILD_URL" value="http://localhost:9090/job/BillingSales/4/"/>
    <property name="java.vendor.url.bug" value="http://bugreport.sun.com/bugreport/"/>
    <property name="java.awt.graphicsenv" value="sun.awt.Win32GraphicsEnvironment"/>
    <property name="os.arch" value="amd64"/>
    <property name="SystemRoot" value="C:\Windows"/>
    <property name="java.ext.dirs" value="C:\Program Files\Java\jdk1.8.0_161\jre\lib\ext;C:\Windows\Sun\Java\lib\ext"/>
    <property name="user.dir" value="C:\Users\Tejaswini\FrameWork\Billing_sales"/>
    <property name="JOB_URL" value="http://localhost:9090/job/BillingSales/"/>
    <property name="LOGONSERVER" value="\\TEJASWINI"/>
    <property name="USERDOMAIN" value="TEJASWINI"/>
    <property name="line.separator" value="
"/>
    <property name="MAVEN_HOME" value="C:\Users\Tejaswini\.jenkins\tools\hudson.tasks.Maven_MavenInstallation\TestMaven"/>
    <property name="java.vm.name" value="Java HotSpot(TM) 64-Bit Server VM"/>
    <property name="BUILD_NUMBER" value="4"/>
    <property name="JENKINS_URL" value="http://localhost:9090/"/>
    <property name="PROCESSOR_REVISION" value="4e03"/>
    <property name="ProgramW6432" value="C:\Program Files"/>
    <property name="windir" value="C:\Windows"/>
    <property name="=C:" value="C:\selenium\Jenkins"/>
    <property name="file.encoding" value="Cp1252"/>
    <property name="SystemDrive" value="C:"/>
    <property name="maven3.interceptor" value="C:\Users\Tejaswini\.jenkins\plugins\maven-plugin\WEB-INF\lib\maven35-interceptor-1.12-alpha-1.jar"/>
    <property name="WORKSPACE" value="C:\Users\Tejaswini\.jenkins\workspace\BillingSales"/>
    <property name="maven3.interceptor.common" value="C:\Users\Tejaswini\.jenkins\plugins\maven-plugin\WEB-INF\lib\maven3-interceptor-commons-1.12-alpha-1.jar"/>
    <property name="java.specification.version" value="1.8"/>
    <property name="PSModulePath" value="C:\Program Files (x86)\WindowsPowerShell\Modules;C:\Windows\system32\WindowsPowerShell\v1.0\Modules;C:\Program Files (x86)\AutoIt3\AutoItX"/>
  </properties>
  <testcase classname="com.qa.Testcases.CustomerPageTest" name="verifycustomerpagetitle" time="0.012"/>
  <testcase classname="com.qa.Testcases.HomePageTest" name="verifyhomepagetitle" time="0.008"/>
  <testcase classname="com.qa.Testcases.LoginPageTest" name="verifyloginpagetitle" time="0.013">
    <failure message="expected [webERP L ogin screen] but found [webERP Login screen]" type="java.lang.AssertionError">java.lang.AssertionError: expected [webERP L ogin screen] but found [webERP Login screen]
	at org.testng.Assert.fail(Assert.java:93)
	at org.testng.Assert.failNotEquals(Assert.java:512)
	at org.testng.Assert.assertEqualsImpl(Assert.java:134)
	at org.testng.Assert.assertEquals(Assert.java:115)
	at org.testng.Assert.assertEquals(Assert.java:189)
	at org.testng.Assert.assertEquals(Assert.java:199)
	at com.qa.Testcases.LoginPageTest.verifyloginpagetitle(LoginPageTest.java:40)
</failure>
    <system-err>Starting ChromeDriver 2.40.565498 (ea082db3280dd6843ebfb08a625e3eb905c4f5ab) on port 32758
Only local connections are allowed.
</system-err>
  </testcase>
  <testcase classname="com.qa.Testcases.HomePageTest" name="verifycusterlinktest" time="1.156"/>
  <testcase classname="com.qa.Testcases.LoginPageTest" name="logintest" time="2.86"/>
  <testcase classname="com.qa.Testcases.HomePageTest" name="clicksOnitemslinktest" time="2.874"/>
  <testcase classname="com.qa.Testcases.HomePageTest" name="clicksOnmanualtest" time="0.123"/>
  <testcase classname="com.qa.Testcases.HomePageTest" name="clicksOnsupplierstest" time="1.265"/>
  <testcase classname="com.qa.Testcases.HomePageTest" name="clicksOnlogouttest" time="15.095"/>
  <testcase classname="com.qa.Testcases.HomePageTest" name="clicksOnMainMenulinktest" time="1.296"/>
</testsuite>