<?xml version="1.0" encoding="UTF-8"?>
<!-- Generated by org.testng.reporters.JUnitReportReporter -->
<testsuite skipped="0" hostname="Tejaswini" name="com.qa.Testcases.HomePageTest" tests="7" failures="0" timestamp="18 Oct 2018 10:58:40 GMT" time="89.678" errors="0">
  <testcase name="verifyhomepagetitle" time="9.883" classname="com.qa.Testcases.HomePageTest"/>
  <testcase name="verifycusterlinktest" time="11.497" classname="com.qa.Testcases.HomePageTest"/>
  <testcase name="clicksOnitemslinktest" time="11.718" classname="com.qa.Testcases.HomePageTest"/>
  <testcase name="clicksOnmanualtest" time="9.047" classname="com.qa.Testcases.HomePageTest"/>
  <testcase name="clicksOnsupplierstest" time="10.734" classname="com.qa.Testcases.HomePageTest"/>
  <testcase name="clicksOnlogouttest" time="25.025" classname="com.qa.Testcases.HomePageTest"/>
  <testcase name="clicksOnMainMenulinktest" time="11.774" classname="com.qa.Testcases.HomePageTest"/>
</testsuite> <!-- com.qa.Testcases.HomePageTest -->
