<?xml version="1.0" encoding="UTF-8"?>
<!-- Generated by org.testng.reporters.JUnitReportReporter -->
<testsuite skipped="0" hostname="Tejaswini" name="com.qa.Testcases.LoginPageTest" tests="1" failures="0" timestamp="20 Oct 2018 07:09:56 GMT" time="7.971" errors="0">
  <testcase name="check_loginpage_links" time="7.971" classname="com.qa.Testcases.LoginPageTest"/>
</testsuite> <!-- com.qa.Testcases.LoginPageTest -->
