<?xml version="1.0" encoding="UTF-8"?>
<!-- Generated by org.testng.reporters.JUnitReportReporter -->
<testsuite skipped="0" hostname="Tejaswini" name="com.qa.Testcases.CustomerPageTest" tests="1" failures="0" timestamp="18 Oct 2018 10:58:40 GMT" time="26.626" errors="0">
  <testcase name="verifycustomerpagetitle" time="26.626" classname="com.qa.Testcases.CustomerPageTest"/>
</testsuite> <!-- com.qa.Testcases.CustomerPageTest -->
