<?xml version="1.0" encoding="UTF-8"?>
<!-- Generated by org.testng.reporters.JUnitReportReporter -->
<testsuite skipped="0" hostname="Tejaswini" name="com.qa.Testcases.HomePageTest" tests="7" failures="0" timestamp="19 Oct 2018 07:37:55 GMT" time="92.187" errors="0">
  <testcase name="verifyhomepagetitle" time="9.674" classname="com.qa.Testcases.HomePageTest"/>
  <testcase name="verifycusterlinktest" time="10.698" classname="com.qa.Testcases.HomePageTest"/>
  <testcase name="clicksOnitemslinktest" time="11.317" classname="com.qa.Testcases.HomePageTest"/>
  <testcase name="clicksOnmanualtest" time="9.756" classname="com.qa.Testcases.HomePageTest"/>
  <testcase name="clicksOnsupplierstest" time="11.504" classname="com.qa.Testcases.HomePageTest"/>
  <testcase name="clicksOnlogouttest" time="24.919" classname="com.qa.Testcases.HomePageTest"/>
  <testcase name="clicksOnMainMenulinktest" time="14.319" classname="com.qa.Testcases.HomePageTest"/>
</testsuite> <!-- com.qa.Testcases.HomePageTest -->
