<?xml version="1.0" encoding="UTF-8"?>
<!-- Generated by org.testng.reporters.JUnitReportReporter -->
<testsuite skipped="0" hostname="Tejaswini" name="com.qa.Testcases.CustomerPageTest" tests="1" failures="0" timestamp="19 Oct 2018 07:37:55 GMT" time="12.507" errors="0">
  <testcase name="verifycustomerpagetitle" time="12.507" classname="com.qa.Testcases.CustomerPageTest"/>
</testsuite> <!-- com.qa.Testcases.CustomerPageTest -->
